2016-03-22 08:57:39,626 - SimpleLog4JLogSystem initialized using logfile 'velocity.log'
2016-03-22 08:57:39,627 - ************************************************************** 
2016-03-22 08:57:39,627 - Starting Jakarta Velocity v1.4
2016-03-22 08:57:39,627 - RuntimeInstance initializing.
2016-03-22 08:57:39,627 - Default Properties File: org\apache\velocity\runtime\defaults\velocity.properties
2016-03-22 08:57:39,627 - Trying to use logger class org.apache.velocity.runtime.log.SimpleLog4JLogSystem
2016-03-22 08:57:39,627 - Using logger class org.apache.velocity.runtime.log.SimpleLog4JLogSystem
2016-03-22 08:57:39,637 - Default ResourceManager initializing. (class org.apache.velocity.runtime.resource.ResourceManagerImpl)
2016-03-22 08:57:39,647 - Resource Loader Instantiated: org.apache.velocity.runtime.resource.loader.ClasspathResourceLoader
2016-03-22 08:57:39,648 - ClasspathResourceLoader : initialization starting.
2016-03-22 08:57:39,648 - ClasspathResourceLoader : initialization complete.
2016-03-22 08:57:39,654 - ResourceCache : initialized. (class org.apache.velocity.runtime.resource.ResourceCacheImpl)
2016-03-22 08:57:39,654 - Default ResourceManager initialization complete.
2016-03-22 08:57:39,664 - Loaded System Directive: org.apache.velocity.runtime.directive.Literal
2016-03-22 08:57:39,670 - Loaded System Directive: org.apache.velocity.runtime.directive.Macro
2016-03-22 08:57:39,679 - Loaded System Directive: org.apache.velocity.runtime.directive.Parse
2016-03-22 08:57:39,687 - Loaded System Directive: org.apache.velocity.runtime.directive.Include
2016-03-22 08:57:39,690 - Loaded System Directive: org.apache.velocity.runtime.directive.Foreach
2016-03-22 08:57:39,780 - Created: 20 parsers.
2016-03-22 08:57:39,807 - Velocimacro : initialization starting.
2016-03-22 08:57:39,807 - Velocimacro : adding VMs from VM library template : VM_global_library.vm
2016-03-22 08:57:39,836 - ResourceManager : unable to find resource 'VM_global_library.vm' in any resource loader.
2016-03-22 08:57:39,836 - Velocimacro : error using  VM library template VM_global_library.vm : org.apache.velocity.exception.ResourceNotFoundException: Unable to find resource 'VM_global_library.vm'
2016-03-22 08:57:39,836 - Velocimacro :  VM library template macro registration complete.
2016-03-22 08:57:39,836 - Velocimacro : allowInline = true : VMs can be defined inline in templates
2016-03-22 08:57:39,836 - Velocimacro : allowInlineToOverride = false : VMs defined inline may NOT replace previous VM definitions
2016-03-22 08:57:39,836 - Velocimacro : allowInlineLocal = false : VMs defined inline will be  global in scope if allowed.
2016-03-22 08:57:39,836 - Velocimacro : messages on  : VM system will output logging messages
2016-03-22 08:57:39,836 - Velocimacro : autoload off  : VM system will not automatically reload global library macros
2016-03-22 08:57:39,836 - Velocimacro : initialization complete.
2016-03-22 08:57:39,837 - Velocity successfully started.
2016-03-22 08:59:03,737 - SimpleLog4JLogSystem initialized using logfile 'velocity.log'
2016-03-22 08:59:03,738 - ************************************************************** 
2016-03-22 08:59:03,738 - Starting Jakarta Velocity v1.4
2016-03-22 08:59:03,738 - RuntimeInstance initializing.
2016-03-22 08:59:03,738 - Default Properties File: org\apache\velocity\runtime\defaults\velocity.properties
2016-03-22 08:59:03,739 - Trying to use logger class org.apache.velocity.runtime.log.SimpleLog4JLogSystem
2016-03-22 08:59:03,739 - Using logger class org.apache.velocity.runtime.log.SimpleLog4JLogSystem
2016-03-22 08:59:03,749 - Default ResourceManager initializing. (class org.apache.velocity.runtime.resource.ResourceManagerImpl)
2016-03-22 08:59:03,758 - Resource Loader Instantiated: org.apache.velocity.runtime.resource.loader.ClasspathResourceLoader
2016-03-22 08:59:03,759 - ClasspathResourceLoader : initialization starting.
2016-03-22 08:59:03,759 - ClasspathResourceLoader : initialization complete.
2016-03-22 08:59:03,765 - ResourceCache : initialized. (class org.apache.velocity.runtime.resource.ResourceCacheImpl)
2016-03-22 08:59:03,765 - Default ResourceManager initialization complete.
2016-03-22 08:59:03,774 - Loaded System Directive: org.apache.velocity.runtime.directive.Literal
2016-03-22 08:59:03,781 - Loaded System Directive: org.apache.velocity.runtime.directive.Macro
2016-03-22 08:59:03,791 - Loaded System Directive: org.apache.velocity.runtime.directive.Parse
2016-03-22 08:59:03,797 - Loaded System Directive: org.apache.velocity.runtime.directive.Include
2016-03-22 08:59:03,801 - Loaded System Directive: org.apache.velocity.runtime.directive.Foreach
2016-03-22 08:59:03,880 - Created: 20 parsers.
2016-03-22 08:59:03,906 - Velocimacro : initialization starting.
2016-03-22 08:59:03,907 - Velocimacro : adding VMs from VM library template : VM_global_library.vm
2016-03-22 08:59:03,936 - ResourceManager : unable to find resource 'VM_global_library.vm' in any resource loader.
2016-03-22 08:59:03,936 - Velocimacro : error using  VM library template VM_global_library.vm : org.apache.velocity.exception.ResourceNotFoundException: Unable to find resource 'VM_global_library.vm'
2016-03-22 08:59:03,936 - Velocimacro :  VM library template macro registration complete.
2016-03-22 08:59:03,936 - Velocimacro : allowInline = true : VMs can be defined inline in templates
2016-03-22 08:59:03,937 - Velocimacro : allowInlineToOverride = false : VMs defined inline may NOT replace previous VM definitions
2016-03-22 08:59:03,937 - Velocimacro : allowInlineLocal = false : VMs defined inline will be  global in scope if allowed.
2016-03-22 08:59:03,937 - Velocimacro : messages on  : VM system will output logging messages
2016-03-22 08:59:03,937 - Velocimacro : autoload off  : VM system will not automatically reload global library macros
2016-03-22 08:59:03,937 - Velocimacro : initialization complete.
2016-03-22 08:59:03,937 - Velocity successfully started.
2016-03-22 09:08:58,675 - SimpleLog4JLogSystem initialized using logfile 'velocity.log'
2016-03-22 09:08:58,676 - ************************************************************** 
2016-03-22 09:08:58,676 - Starting Jakarta Velocity v1.4
2016-03-22 09:08:58,676 - RuntimeInstance initializing.
2016-03-22 09:08:58,676 - Default Properties File: org\apache\velocity\runtime\defaults\velocity.properties
2016-03-22 09:08:58,676 - Trying to use logger class org.apache.velocity.runtime.log.SimpleLog4JLogSystem
2016-03-22 09:08:58,676 - Using logger class org.apache.velocity.runtime.log.SimpleLog4JLogSystem
2016-03-22 09:08:58,686 - Default ResourceManager initializing. (class org.apache.velocity.runtime.resource.ResourceManagerImpl)
2016-03-22 09:08:58,699 - Resource Loader Instantiated: org.apache.velocity.runtime.resource.loader.ClasspathResourceLoader
2016-03-22 09:08:58,700 - ClasspathResourceLoader : initialization starting.
2016-03-22 09:08:58,700 - ClasspathResourceLoader : initialization complete.
2016-03-22 09:08:58,710 - ResourceCache : initialized. (class org.apache.velocity.runtime.resource.ResourceCacheImpl)
2016-03-22 09:08:58,710 - Default ResourceManager initialization complete.
2016-03-22 09:08:58,722 - Loaded System Directive: org.apache.velocity.runtime.directive.Literal
2016-03-22 09:08:58,729 - Loaded System Directive: org.apache.velocity.runtime.directive.Macro
2016-03-22 09:08:58,742 - Loaded System Directive: org.apache.velocity.runtime.directive.Parse
2016-03-22 09:08:58,751 - Loaded System Directive: org.apache.velocity.runtime.directive.Include
2016-03-22 09:08:58,755 - Loaded System Directive: org.apache.velocity.runtime.directive.Foreach
2016-03-22 09:08:58,834 - Created: 20 parsers.
2016-03-22 09:08:58,862 - Velocimacro : initialization starting.
2016-03-22 09:08:58,863 - Velocimacro : adding VMs from VM library template : VM_global_library.vm
2016-03-22 09:08:58,938 - ResourceManager : unable to find resource 'VM_global_library.vm' in any resource loader.
2016-03-22 09:08:58,939 - Velocimacro : error using  VM library template VM_global_library.vm : org.apache.velocity.exception.ResourceNotFoundException: Unable to find resource 'VM_global_library.vm'
2016-03-22 09:08:58,939 - Velocimacro :  VM library template macro registration complete.
2016-03-22 09:08:58,939 - Velocimacro : allowInline = true : VMs can be defined inline in templates
2016-03-22 09:08:58,939 - Velocimacro : allowInlineToOverride = false : VMs defined inline may NOT replace previous VM definitions
2016-03-22 09:08:58,939 - Velocimacro : allowInlineLocal = false : VMs defined inline will be  global in scope if allowed.
2016-03-22 09:08:58,939 - Velocimacro : messages on  : VM system will output logging messages
2016-03-22 09:08:58,941 - Velocimacro : autoload off  : VM system will not automatically reload global library macros
2016-03-22 09:08:58,941 - Velocimacro : initialization complete.
2016-03-22 09:08:58,941 - Velocity successfully started.
2016-03-22 09:10:04,638 - ResourceManager : found repast/simphony/scenario/Scenario.vt with loader org.apache.velocity.runtime.resource.loader.ClasspathResourceLoader
2016-03-22 09:11:47,979 - SimpleLog4JLogSystem initialized using logfile 'velocity.log'
2016-03-22 09:11:47,980 - ************************************************************** 
2016-03-22 09:11:47,980 - Starting Jakarta Velocity v1.4
2016-03-22 09:11:47,980 - RuntimeInstance initializing.
2016-03-22 09:11:47,980 - Default Properties File: org\apache\velocity\runtime\defaults\velocity.properties
2016-03-22 09:11:47,980 - Trying to use logger class org.apache.velocity.runtime.log.SimpleLog4JLogSystem
2016-03-22 09:11:47,980 - Using logger class org.apache.velocity.runtime.log.SimpleLog4JLogSystem
2016-03-22 09:11:47,990 - Default ResourceManager initializing. (class org.apache.velocity.runtime.resource.ResourceManagerImpl)
2016-03-22 09:11:48,000 - Resource Loader Instantiated: org.apache.velocity.runtime.resource.loader.ClasspathResourceLoader
2016-03-22 09:11:48,001 - ClasspathResourceLoader : initialization starting.
2016-03-22 09:11:48,001 - ClasspathResourceLoader : initialization complete.
2016-03-22 09:11:48,007 - ResourceCache : initialized. (class org.apache.velocity.runtime.resource.ResourceCacheImpl)
2016-03-22 09:11:48,007 - Default ResourceManager initialization complete.
2016-03-22 09:11:48,016 - Loaded System Directive: org.apache.velocity.runtime.directive.Literal
2016-03-22 09:11:48,023 - Loaded System Directive: org.apache.velocity.runtime.directive.Macro
2016-03-22 09:11:48,033 - Loaded System Directive: org.apache.velocity.runtime.directive.Parse
2016-03-22 09:11:48,040 - Loaded System Directive: org.apache.velocity.runtime.directive.Include
2016-03-22 09:11:48,044 - Loaded System Directive: org.apache.velocity.runtime.directive.Foreach
2016-03-22 09:11:48,127 - Created: 20 parsers.
2016-03-22 09:11:48,155 - Velocimacro : initialization starting.
2016-03-22 09:11:48,155 - Velocimacro : adding VMs from VM library template : VM_global_library.vm
2016-03-22 09:11:48,185 - ResourceManager : unable to find resource 'VM_global_library.vm' in any resource loader.
2016-03-22 09:11:48,185 - Velocimacro : error using  VM library template VM_global_library.vm : org.apache.velocity.exception.ResourceNotFoundException: Unable to find resource 'VM_global_library.vm'
2016-03-22 09:11:48,185 - Velocimacro :  VM library template macro registration complete.
2016-03-22 09:11:48,185 - Velocimacro : allowInline = true : VMs can be defined inline in templates
2016-03-22 09:11:48,185 - Velocimacro : allowInlineToOverride = false : VMs defined inline may NOT replace previous VM definitions
2016-03-22 09:11:48,185 - Velocimacro : allowInlineLocal = false : VMs defined inline will be  global in scope if allowed.
2016-03-22 09:11:48,186 - Velocimacro : messages on  : VM system will output logging messages
2016-03-22 09:11:48,186 - Velocimacro : autoload off  : VM system will not automatically reload global library macros
2016-03-22 09:11:48,186 - Velocimacro : initialization complete.
2016-03-22 09:11:48,186 - Velocity successfully started.
2016-03-22 09:13:26,813 - SimpleLog4JLogSystem initialized using logfile 'velocity.log'
2016-03-22 09:13:26,814 - ************************************************************** 
2016-03-22 09:13:26,815 - Starting Jakarta Velocity v1.4
2016-03-22 09:13:26,815 - RuntimeInstance initializing.
2016-03-22 09:13:26,815 - Default Properties File: org\apache\velocity\runtime\defaults\velocity.properties
2016-03-22 09:13:26,815 - Trying to use logger class org.apache.velocity.runtime.log.SimpleLog4JLogSystem
2016-03-22 09:13:26,815 - Using logger class org.apache.velocity.runtime.log.SimpleLog4JLogSystem
2016-03-22 09:13:26,825 - Default ResourceManager initializing. (class org.apache.velocity.runtime.resource.ResourceManagerImpl)
2016-03-22 09:13:26,835 - Resource Loader Instantiated: org.apache.velocity.runtime.resource.loader.ClasspathResourceLoader
2016-03-22 09:13:26,835 - ClasspathResourceLoader : initialization starting.
2016-03-22 09:13:26,835 - ClasspathResourceLoader : initialization complete.
2016-03-22 09:13:26,842 - ResourceCache : initialized. (class org.apache.velocity.runtime.resource.ResourceCacheImpl)
2016-03-22 09:13:26,842 - Default ResourceManager initialization complete.
2016-03-22 09:13:26,851 - Loaded System Directive: org.apache.velocity.runtime.directive.Literal
2016-03-22 09:13:26,857 - Loaded System Directive: org.apache.velocity.runtime.directive.Macro
2016-03-22 09:13:26,867 - Loaded System Directive: org.apache.velocity.runtime.directive.Parse
2016-03-22 09:13:26,874 - Loaded System Directive: org.apache.velocity.runtime.directive.Include
2016-03-22 09:13:26,877 - Loaded System Directive: org.apache.velocity.runtime.directive.Foreach
2016-03-22 09:13:26,955 - Created: 20 parsers.
2016-03-22 09:13:26,983 - Velocimacro : initialization starting.
2016-03-22 09:13:26,983 - Velocimacro : adding VMs from VM library template : VM_global_library.vm
2016-03-22 09:13:27,016 - ResourceManager : unable to find resource 'VM_global_library.vm' in any resource loader.
2016-03-22 09:13:27,017 - Velocimacro : error using  VM library template VM_global_library.vm : org.apache.velocity.exception.ResourceNotFoundException: Unable to find resource 'VM_global_library.vm'
2016-03-22 09:13:27,017 - Velocimacro :  VM library template macro registration complete.
2016-03-22 09:13:27,017 - Velocimacro : allowInline = true : VMs can be defined inline in templates
2016-03-22 09:13:27,017 - Velocimacro : allowInlineToOverride = false : VMs defined inline may NOT replace previous VM definitions
2016-03-22 09:13:27,017 - Velocimacro : allowInlineLocal = false : VMs defined inline will be  global in scope if allowed.
2016-03-22 09:13:27,018 - Velocimacro : messages on  : VM system will output logging messages
2016-03-22 09:13:27,018 - Velocimacro : autoload off  : VM system will not automatically reload global library macros
2016-03-22 09:13:27,018 - Velocimacro : initialization complete.
2016-03-22 09:13:27,018 - Velocity successfully started.
2016-03-22 09:15:43,023 - ResourceManager : found repast/simphony/scenario/Scenario.vt with loader org.apache.velocity.runtime.resource.loader.ClasspathResourceLoader
2016-03-22 09:16:24,209 - SimpleLog4JLogSystem initialized using logfile 'velocity.log'
2016-03-22 09:16:24,210 - ************************************************************** 
2016-03-22 09:16:24,210 - Starting Jakarta Velocity v1.4
2016-03-22 09:16:24,210 - RuntimeInstance initializing.
2016-03-22 09:16:24,210 - Default Properties File: org\apache\velocity\runtime\defaults\velocity.properties
2016-03-22 09:16:24,210 - Trying to use logger class org.apache.velocity.runtime.log.SimpleLog4JLogSystem
2016-03-22 09:16:24,210 - Using logger class org.apache.velocity.runtime.log.SimpleLog4JLogSystem
2016-03-22 09:16:24,220 - Default ResourceManager initializing. (class org.apache.velocity.runtime.resource.ResourceManagerImpl)
2016-03-22 09:16:24,236 - Resource Loader Instantiated: org.apache.velocity.runtime.resource.loader.ClasspathResourceLoader
2016-03-22 09:16:24,237 - ClasspathResourceLoader : initialization starting.
2016-03-22 09:16:24,237 - ClasspathResourceLoader : initialization complete.
2016-03-22 09:16:24,243 - ResourceCache : initialized. (class org.apache.velocity.runtime.resource.ResourceCacheImpl)
2016-03-22 09:16:24,243 - Default ResourceManager initialization complete.
2016-03-22 09:16:24,252 - Loaded System Directive: org.apache.velocity.runtime.directive.Literal
2016-03-22 09:16:24,258 - Loaded System Directive: org.apache.velocity.runtime.directive.Macro
2016-03-22 09:16:24,267 - Loaded System Directive: org.apache.velocity.runtime.directive.Parse
2016-03-22 09:16:24,273 - Loaded System Directive: org.apache.velocity.runtime.directive.Include
2016-03-22 09:16:24,277 - Loaded System Directive: org.apache.velocity.runtime.directive.Foreach
2016-03-22 09:16:24,351 - Created: 20 parsers.
2016-03-22 09:16:24,377 - Velocimacro : initialization starting.
2016-03-22 09:16:24,377 - Velocimacro : adding VMs from VM library template : VM_global_library.vm
2016-03-22 09:16:24,405 - ResourceManager : unable to find resource 'VM_global_library.vm' in any resource loader.
2016-03-22 09:16:24,406 - Velocimacro : error using  VM library template VM_global_library.vm : org.apache.velocity.exception.ResourceNotFoundException: Unable to find resource 'VM_global_library.vm'
2016-03-22 09:16:24,406 - Velocimacro :  VM library template macro registration complete.
2016-03-22 09:16:24,406 - Velocimacro : allowInline = true : VMs can be defined inline in templates
2016-03-22 09:16:24,406 - Velocimacro : allowInlineToOverride = false : VMs defined inline may NOT replace previous VM definitions
2016-03-22 09:16:24,406 - Velocimacro : allowInlineLocal = false : VMs defined inline will be  global in scope if allowed.
2016-03-22 09:16:24,406 - Velocimacro : messages on  : VM system will output logging messages
2016-03-22 09:16:24,406 - Velocimacro : autoload off  : VM system will not automatically reload global library macros
2016-03-22 09:16:24,406 - Velocimacro : initialization complete.
2016-03-22 09:16:24,406 - Velocity successfully started.
2016-03-22 09:39:33,360 - SimpleLog4JLogSystem initialized using logfile 'velocity.log'
2016-03-22 09:39:33,361 - ************************************************************** 
2016-03-22 09:39:33,362 - Starting Jakarta Velocity v1.4
2016-03-22 09:39:33,362 - RuntimeInstance initializing.
2016-03-22 09:39:33,362 - Default Properties File: org\apache\velocity\runtime\defaults\velocity.properties
2016-03-22 09:39:33,362 - Trying to use logger class org.apache.velocity.runtime.log.SimpleLog4JLogSystem
2016-03-22 09:39:33,362 - Using logger class org.apache.velocity.runtime.log.SimpleLog4JLogSystem
2016-03-22 09:39:33,373 - Default ResourceManager initializing. (class org.apache.velocity.runtime.resource.ResourceManagerImpl)
2016-03-22 09:39:33,383 - Resource Loader Instantiated: org.apache.velocity.runtime.resource.loader.ClasspathResourceLoader
2016-03-22 09:39:33,384 - ClasspathResourceLoader : initialization starting.
2016-03-22 09:39:33,384 - ClasspathResourceLoader : initialization complete.
2016-03-22 09:39:33,390 - ResourceCache : initialized. (class org.apache.velocity.runtime.resource.ResourceCacheImpl)
2016-03-22 09:39:33,391 - Default ResourceManager initialization complete.
2016-03-22 09:39:33,401 - Loaded System Directive: org.apache.velocity.runtime.directive.Literal
2016-03-22 09:39:33,408 - Loaded System Directive: org.apache.velocity.runtime.directive.Macro
2016-03-22 09:39:33,418 - Loaded System Directive: org.apache.velocity.runtime.directive.Parse
2016-03-22 09:39:33,425 - Loaded System Directive: org.apache.velocity.runtime.directive.Include
2016-03-22 09:39:33,428 - Loaded System Directive: org.apache.velocity.runtime.directive.Foreach
2016-03-22 09:39:33,509 - Created: 20 parsers.
2016-03-22 09:39:33,539 - Velocimacro : initialization starting.
2016-03-22 09:39:33,540 - Velocimacro : adding VMs from VM library template : VM_global_library.vm
2016-03-22 09:39:33,583 - ResourceManager : unable to find resource 'VM_global_library.vm' in any resource loader.
2016-03-22 09:39:33,584 - Velocimacro : error using  VM library template VM_global_library.vm : org.apache.velocity.exception.ResourceNotFoundException: Unable to find resource 'VM_global_library.vm'
2016-03-22 09:39:33,584 - Velocimacro :  VM library template macro registration complete.
2016-03-22 09:39:33,584 - Velocimacro : allowInline = true : VMs can be defined inline in templates
2016-03-22 09:39:33,584 - Velocimacro : allowInlineToOverride = false : VMs defined inline may NOT replace previous VM definitions
2016-03-22 09:39:33,584 - Velocimacro : allowInlineLocal = false : VMs defined inline will be  global in scope if allowed.
2016-03-22 09:39:33,584 - Velocimacro : messages on  : VM system will output logging messages
2016-03-22 09:39:33,584 - Velocimacro : autoload off  : VM system will not automatically reload global library macros
2016-03-22 09:39:33,584 - Velocimacro : initialization complete.
2016-03-22 09:39:33,584 - Velocity successfully started.
2016-03-22 09:44:53,506 - SimpleLog4JLogSystem initialized using logfile 'velocity.log'
2016-03-22 09:44:53,507 - ************************************************************** 
2016-03-22 09:44:53,508 - Starting Jakarta Velocity v1.4
2016-03-22 09:44:53,508 - RuntimeInstance initializing.
2016-03-22 09:44:53,508 - Default Properties File: org\apache\velocity\runtime\defaults\velocity.properties
2016-03-22 09:44:53,508 - Trying to use logger class org.apache.velocity.runtime.log.SimpleLog4JLogSystem
2016-03-22 09:44:53,508 - Using logger class org.apache.velocity.runtime.log.SimpleLog4JLogSystem
2016-03-22 09:44:53,519 - Default ResourceManager initializing. (class org.apache.velocity.runtime.resource.ResourceManagerImpl)
2016-03-22 09:44:53,530 - Resource Loader Instantiated: org.apache.velocity.runtime.resource.loader.ClasspathResourceLoader
2016-03-22 09:44:53,531 - ClasspathResourceLoader : initialization starting.
2016-03-22 09:44:53,531 - ClasspathResourceLoader : initialization complete.
2016-03-22 09:44:53,538 - ResourceCache : initialized. (class org.apache.velocity.runtime.resource.ResourceCacheImpl)
2016-03-22 09:44:53,538 - Default ResourceManager initialization complete.
2016-03-22 09:44:53,560 - Loaded System Directive: org.apache.velocity.runtime.directive.Literal
2016-03-22 09:44:53,567 - Loaded System Directive: org.apache.velocity.runtime.directive.Macro
2016-03-22 09:44:53,578 - Loaded System Directive: org.apache.velocity.runtime.directive.Parse
2016-03-22 09:44:53,585 - Loaded System Directive: org.apache.velocity.runtime.directive.Include
2016-03-22 09:44:53,588 - Loaded System Directive: org.apache.velocity.runtime.directive.Foreach
2016-03-22 09:44:53,667 - Created: 20 parsers.
2016-03-22 09:44:53,695 - Velocimacro : initialization starting.
2016-03-22 09:44:53,696 - Velocimacro : adding VMs from VM library template : VM_global_library.vm
2016-03-22 09:44:53,726 - ResourceManager : unable to find resource 'VM_global_library.vm' in any resource loader.
2016-03-22 09:44:53,726 - Velocimacro : error using  VM library template VM_global_library.vm : org.apache.velocity.exception.ResourceNotFoundException: Unable to find resource 'VM_global_library.vm'
2016-03-22 09:44:53,726 - Velocimacro :  VM library template macro registration complete.
2016-03-22 09:44:53,726 - Velocimacro : allowInline = true : VMs can be defined inline in templates
2016-03-22 09:44:53,726 - Velocimacro : allowInlineToOverride = false : VMs defined inline may NOT replace previous VM definitions
2016-03-22 09:44:53,726 - Velocimacro : allowInlineLocal = false : VMs defined inline will be  global in scope if allowed.
2016-03-22 09:44:53,727 - Velocimacro : messages on  : VM system will output logging messages
2016-03-22 09:44:53,727 - Velocimacro : autoload off  : VM system will not automatically reload global library macros
2016-03-22 09:44:53,727 - Velocimacro : initialization complete.
2016-03-22 09:44:53,727 - Velocity successfully started.
2016-03-22 12:41:31,439 - SimpleLog4JLogSystem initialized using logfile 'velocity.log'
2016-03-22 12:41:31,470 - ************************************************************** 
2016-03-22 12:41:31,470 - Starting Jakarta Velocity v1.4
2016-03-22 12:41:31,470 - RuntimeInstance initializing.
2016-03-22 12:41:31,470 - Default Properties File: org\apache\velocity\runtime\defaults\velocity.properties
2016-03-22 12:41:31,470 - Trying to use logger class org.apache.velocity.runtime.log.SimpleLog4JLogSystem
2016-03-22 12:41:31,470 - Using logger class org.apache.velocity.runtime.log.SimpleLog4JLogSystem
2016-03-22 12:41:31,486 - Default ResourceManager initializing. (class org.apache.velocity.runtime.resource.ResourceManagerImpl)
2016-03-22 12:41:31,502 - Resource Loader Instantiated: org.apache.velocity.runtime.resource.loader.ClasspathResourceLoader
2016-03-22 12:41:31,502 - ClasspathResourceLoader : initialization starting.
2016-03-22 12:41:31,502 - ClasspathResourceLoader : initialization complete.
2016-03-22 12:41:31,502 - ResourceCache : initialized. (class org.apache.velocity.runtime.resource.ResourceCacheImpl)
2016-03-22 12:41:31,502 - Default ResourceManager initialization complete.
2016-03-22 12:41:31,517 - Loaded System Directive: org.apache.velocity.runtime.directive.Literal
2016-03-22 12:41:31,533 - Loaded System Directive: org.apache.velocity.runtime.directive.Macro
2016-03-22 12:41:31,548 - Loaded System Directive: org.apache.velocity.runtime.directive.Parse
2016-03-22 12:41:31,564 - Loaded System Directive: org.apache.velocity.runtime.directive.Include
2016-03-22 12:41:31,564 - Loaded System Directive: org.apache.velocity.runtime.directive.Foreach
2016-03-22 12:41:31,673 - Created: 20 parsers.
2016-03-22 12:41:31,704 - Velocimacro : initialization starting.
2016-03-22 12:41:31,704 - Velocimacro : adding VMs from VM library template : VM_global_library.vm
2016-03-22 12:41:31,736 - ResourceManager : unable to find resource 'VM_global_library.vm' in any resource loader.
2016-03-22 12:41:31,736 - Velocimacro : error using  VM library template VM_global_library.vm : org.apache.velocity.exception.ResourceNotFoundException: Unable to find resource 'VM_global_library.vm'
2016-03-22 12:41:31,736 - Velocimacro :  VM library template macro registration complete.
2016-03-22 12:41:31,736 - Velocimacro : allowInline = true : VMs can be defined inline in templates
2016-03-22 12:41:31,736 - Velocimacro : allowInlineToOverride = false : VMs defined inline may NOT replace previous VM definitions
2016-03-22 12:41:31,736 - Velocimacro : allowInlineLocal = false : VMs defined inline will be  global in scope if allowed.
2016-03-22 12:41:31,736 - Velocimacro : messages on  : VM system will output logging messages
2016-03-22 12:41:31,736 - Velocimacro : autoload off  : VM system will not automatically reload global library macros
2016-03-22 12:41:31,736 - Velocimacro : initialization complete.
2016-03-22 12:41:31,736 - Velocity successfully started.
